[    1341ms] [INFO] %cDownload the React DevTools for a better development experience: https://react.dev/link/react-devtools font-weight:bold @ webpack-internal:///(app-pages-browser)/./node_modules/next/dist/next-devtools/shared/forward-logs-shared.js:27
[    1391ms] [WARNING] GoTrueClient@sb-btrgeurmjavudjleirar-auth-token:1 (2.95.3) 2026-05-14T05:39:01.641Z Multiple GoTrueClient instances detected in the same browser context. It is not an error, but this should be avoided as it may produce undefined behavior when used concurrently under the same storage key. @ webpack-internal:///(app-pages-browser)/./node_modules/next/dist/next-devtools/shared/forward-logs-shared.js:27
[    1569ms] [INFO] [AuthProvider] session:final-logout {reason: session-lost:initial-session:session-null} @ webpack-internal:///(app-pages-browser)/./node_modules/next/dist/next-devtools/shared/forward-logs-shared.js:27
[    1575ms] [INFO] [AuthProvider] auth:event INITIAL_SESSION {hasSession: false} @ webpack-internal:///(app-pages-browser)/./node_modules/next/dist/next-devtools/shared/forward-logs-shared.js:27
[    1575ms] [INFO] [AuthProvider] auth:initial-session-null:skip-duplicate @ webpack-internal:///(app-pages-browser)/./node_modules/next/dist/next-devtools/shared/forward-logs-shared.js:27
[    1683ms] [LOG] [HMR] connected @ webpack-internal:///(app-pages-browser)/./node_modules/next/dist/next-devtools/shared/forward-logs-shared.js:27
[    4709ms] [WARNING] The resource http://localhost:3001/_next/static/css/app/skill/vocabulary/page.css?v=1778737140583 was preloaded using link preload but not used within a few seconds from the window's load event. Please make sure it has an appropriate `as` value and it is preloaded intentionally. @ http://localhost:3001/skill/vocabulary:0
[   11206ms] [INFO] %cDownload the React DevTools for a better development experience: https://react.dev/link/react-devtools font-weight:bold @ webpack-internal:///(app-pages-browser)/./node_modules/next/dist/next-devtools/shared/forward-logs-shared.js:27
[   11231ms] [WARNING] GoTrueClient@sb-btrgeurmjavudjleirar-auth-token:1 (2.95.3) 2026-05-14T05:39:11.486Z Multiple GoTrueClient instances detected in the same browser context. It is not an error, but this should be avoided as it may produce undefined behavior when used concurrently under the same storage key. @ webpack-internal:///(app-pages-browser)/./node_modules/next/dist/next-devtools/shared/forward-logs-shared.js:27
[   11350ms] [INFO] [AuthProvider] session:final-logout {reason: session-lost:initial-session:session-null} @ webpack-internal:///(app-pages-browser)/./node_modules/next/dist/next-devtools/shared/forward-logs-shared.js:27
[   11353ms] [INFO] [AuthProvider] auth:event INITIAL_SESSION {hasSession: false} @ webpack-internal:///(app-pages-browser)/./node_modules/next/dist/next-devtools/shared/forward-logs-shared.js:27
[   11353ms] [INFO] [AuthProvider] auth:initial-session-null:skip-duplicate @ webpack-internal:///(app-pages-browser)/./node_modules/next/dist/next-devtools/shared/forward-logs-shared.js:27
[   11537ms] [LOG] [HMR] connected @ webpack-internal:///(app-pages-browser)/./node_modules/next/dist/next-devtools/shared/forward-logs-shared.js:27
[   14557ms] [WARNING] The resource http://localhost:3001/_next/static/css/app/skill/vocabulary/page.css?v=1778737150616 was preloaded using link preload but not used within a few seconds from the window's load event. Please make sure it has an appropriate `as` value and it is preloaded intentionally. @ http://localhost:3001/skill/vocabulary:0
[  154124ms] [LOG] [Fast Refresh] rebuilding @ webpack-internal:///(app-pages-browser)/./node_modules/next/dist/next-devtools/shared/forward-logs-shared.js:27
[  158707ms] [WARNING] The resource http://localhost:3001/_next/static/css/app/skill/vocabulary/page.css?v=1778737150616 was preloaded using link preload but not used within a few seconds from the window's load event. Please make sure it has an appropriate `as` value and it is preloaded intentionally. @ http://localhost:3001/skill/vocabulary:0
[  161348ms] [LOG] [Fast Refresh] done in 7224ms @ webpack-internal:///(app-pages-browser)/./node_modules/next/dist/next-devtools/shared/forward-logs-shared.js:27
[  164554ms] [WARNING] The resource http://localhost:3001/_next/static/css/app/skill/vocabulary/page.css?v=1778737301250 was preloaded using link preload but not used within a few seconds from the window's load event. Please make sure it has an appropriate `as` value and it is preloaded intentionally. @ http://localhost:3001/skill/vocabulary:0
[  164554ms] [WARNING] The resource http://localhost:3001/_next/static/css/app/skill/vocabulary/page.css?v=1778737150616 was preloaded using link preload but not used within a few seconds from the window's load event. Please make sure it has an appropriate `as` value and it is preloaded intentionally. @ http://localhost:3001/skill/vocabulary:0
[  169574ms] [INFO] %cDownload the React DevTools for a better development experience: https://react.dev/link/react-devtools font-weight:bold @ webpack-internal:///(app-pages-browser)/./node_modules/next/dist/next-devtools/shared/forward-logs-shared.js:27
[  169743ms] [WARNING] GoTrueClient@sb-btrgeurmjavudjleirar-auth-token:1 (2.95.3) 2026-05-14T05:41:49.984Z Multiple GoTrueClient instances detected in the same browser context. It is not an error, but this should be avoided as it may produce undefined behavior when used concurrently under the same storage key. @ webpack-internal:///(app-pages-browser)/./node_modules/next/dist/next-devtools/shared/forward-logs-shared.js:27
[  170071ms] [LOG] [HMR] connected @ webpack-internal:///(app-pages-browser)/./node_modules/next/dist/next-devtools/shared/forward-logs-shared.js:27
[  170216ms] [INFO] [AuthProvider] session:final-logout {reason: session-lost:initial-session:session-null} @ webpack-internal:///(app-pages-browser)/./node_modules/next/dist/next-devtools/shared/forward-logs-shared.js:27
[  170236ms] [INFO] [AuthProvider] auth:event INITIAL_SESSION {hasSession: false} @ webpack-internal:///(app-pages-browser)/./node_modules/next/dist/next-devtools/shared/forward-logs-shared.js:27
[  170237ms] [INFO] [AuthProvider] auth:initial-session-null:skip-duplicate @ webpack-internal:///(app-pages-browser)/./node_modules/next/dist/next-devtools/shared/forward-logs-shared.js:27
[  173135ms] [WARNING] The resource http://localhost:3001/_next/static/css/app/skill/vocabulary/page.css?v=1778737305687 was preloaded using link preload but not used within a few seconds from the window's load event. Please make sure it has an appropriate `as` value and it is preloaded intentionally. @ http://localhost:3001/skill/vocabulary:0
